=================FLAGS==================
dataset: mnist
model: StreamCNN
mode: STREAM_BASELINE
batch_size: 200
epochs: 200
grad_scale: 8
seed: 117
log_interval: 100
test_interval: 1
logdir: /home/liangtaodai/dailt_workplace/NeuroSim/DNN_NeuroSim_V1.4/Inference_pytorch/log/default/ADCprecision=5/batch_size=200/cellBit=1/dataset=mnist/decreasing_lr=140,180/detect=0/grad_scale=8/inference=1/lr=0.01/mode=STREAM_BASELINE/model=StreamCNN/onoffratio=10.0/parallelRead=32/seed=117/stream_energy_per_pulse=1.0/stream_frequency=10000.0/stream_jitter=0.02/stream_window=32.0/subArray=32/t=0.0/target=0.0/v=0.0/vari=0.0/wl_activate=8/wl_error=8/wl_grad=8/wl_weight=8
lr: 0.01
decreasing_lr: 140,180
wl_weight: 8
wl_grad: 8
wl_activate: 8
wl_error: 8
inference: 1
subArray: 32
parallelRead: 32
ADCprecision: 5
cellBit: 1
onoffratio: 10.0
vari: 0.0
t: 0.0
v: 0.0
detect: 0
target: 0.0
stream_frequency: 10000.0
stream_window: 32.0
stream_jitter: 0.02
stream_energy_per_pulse: 1.0
========================================
/home/liangtaodai/dailt_workplace/NeuroSim/DNN_NeuroSim_V1.4/Inference_pytorch/log/default/ADCprecision=5/batch_size=200/cellBit=1/dataset=mnist/decreasing_lr=140,180/detect=0/grad_scale=8/inference=1/lr=0.01/mode=STREAM_BASELINE/model=StreamCNN/onoffratio=10.0/parallelRead=32/seed=117/stream_energy_per_pulse=1.0/stream_frequency=10000.0/stream_jitter=0.02/stream_window=32.0/subArray=32/t=0.0/target=0.0/v=0.0/vari=0.0/wl_activate=8/wl_error=8/wl_grad=8/wl_weight=8
Building MNIST data loader with 1 workers
Test set: Average loss: 0.0471, Accuracy: 9851/10000 (99%)
User assigned speed-up degree is larger than the upper bound (where no idle period during the whole process) 
The speed-up degree is auto-assigned as the upper bound (where no idle period during the whole process) 
------------------------------ FloorPlan --------------------------------

Tile and PE size are optimized to maximize memory utilization ( = memory mapped by synapse / total memory on chip)

Desired Conventional Mapped Tile Storage Size: 256x256
Desired Conventional PE Storage Size: 128x128
Desired Novel Mapped Tile Storage Size: 9x128x128
User-defined SubArray Size: 32x128

----------------- # of tile used for each layer -----------------
layer1: 1
layer2: 1
layer3: 4
layer4: 1

----------------- Speed-up of each layer ------------------
layer1: 16
layer2: 4
layer3: 1
layer4: 8

----------------- Utilization of each layer ------------------
layer1: 0.140625
layer2: 0.25
layer3: 0.78125
layer4: 0.625
Memory Utilization of Whole Chip: 59.1518 % 

---------------------------- FloorPlan Done ------------------------------



clkPeriod: 1.99983e-09
-------------------------------------- Hardware Performance --------------------------------------
-------------------- Estimation of Layer 1 ----------------------
layer1's readLatency is: 15513.4ns
layer1's readDynamicEnergy is: 44995.6pJ
layer1's leakagePower is: 0.214467uW
layer1's leakageEnergy is: 3.32711pJ
layer1's buffer latency is: 8113.8ns
layer1's buffer readDynamicEnergy is: 423.939pJ
layer1's ic latency is: 1666.11ns
layer1's ic readDynamicEnergy is: 2779.28pJ

************************ Breakdown of Latency and Dynamic Energy *************************

----------- ADC (or S/As and precharger for SRAM) readLatency is : 5407.53ns
----------- Accumulation Circuits (subarray level: adders, shiftAdds; PE/Tile/Global level: accumulation units) readLatency is : 0ns
----------- Other Peripheries (e.g. decoders, mux, switchmatrix, buffers, IC, pooling and activation units) readLatency is : 10105.9ns
----------- ADC (or S/As and precharger for SRAM) readDynamicEnergy is : 27460.5pJ
----------- Accumulation Circuits (subarray level: adders, shiftAdds; PE/Tile/Global level: accumulation units) readDynamicEnergy is : 11302.8pJ
----------- Other Peripheries (e.g. decoders, mux, switchmatrix, buffers, IC, pooling and activation units) readDynamicEnergy is : 6232.27pJ

************************ Breakdown of Latency and Dynamic Energy *************************

-------------------- Estimation of Layer 2 ----------------------
layer2's readLatency is: 6353.79ns
layer2's readDynamicEnergy is: 104703pJ
layer2's leakagePower is: 3.7691uW
layer2's leakageEnergy is: 58.4716pJ
layer2's buffer latency is: 1796.6ns
layer2's buffer readDynamicEnergy is: 715.724pJ
layer2's ic latency is: 261.061ns
layer2's ic readDynamicEnergy is: 3466.52pJ

************************ Breakdown of Latency and Dynamic Energy *************************

----------- ADC (or S/As and precharger for SRAM) readLatency is : 3871.67ns
----------- Accumulation Circuits (subarray level: adders, shiftAdds; PE/Tile/Global level: accumulation units) readLatency is : 302.474ns
----------- Other Peripheries (e.g. decoders, mux, switchmatrix, buffers, IC, pooling and activation units) readLatency is : 2179.65ns
----------- ADC (or S/As and precharger for SRAM) readDynamicEnergy is : 77540.8pJ
----------- Accumulation Circuits (subarray level: adders, shiftAdds; PE/Tile/Global level: accumulation units) readDynamicEnergy is : 18548.9pJ
----------- Other Peripheries (e.g. decoders, mux, switchmatrix, buffers, IC, pooling and activation units) readDynamicEnergy is : 8613.06pJ

************************ Breakdown of Latency and Dynamic Energy *************************

-------------------- Estimation of Layer 3 ----------------------
layer3's readLatency is: 329.972ns
layer3's readDynamicEnergy is: 6489.2pJ
layer3's leakagePower is: 8.64428uW
layer3's leakageEnergy is: 134.102pJ
layer3's buffer latency is: 161.986ns
layer3's buffer readDynamicEnergy is: 27.8556pJ
layer3's ic latency is: 31.9972ns
layer3's ic readDynamicEnergy is: 139.1pJ

************************ Breakdown of Latency and Dynamic Energy *************************

----------- ADC (or S/As and precharger for SRAM) readLatency is : 127.989ns
----------- Accumulation Circuits (subarray level: adders, shiftAdds; PE/Tile/Global level: accumulation units) readLatency is : 5.99948ns
----------- Other Peripheries (e.g. decoders, mux, switchmatrix, buffers, IC, pooling and activation units) readLatency is : 195.983ns
----------- ADC (or S/As and precharger for SRAM) readDynamicEnergy is : 5105.56pJ
----------- Accumulation Circuits (subarray level: adders, shiftAdds; PE/Tile/Global level: accumulation units) readDynamicEnergy is : 903.41pJ
----------- Other Peripheries (e.g. decoders, mux, switchmatrix, buffers, IC, pooling and activation units) readDynamicEnergy is : 480.224pJ

************************ Breakdown of Latency and Dynamic Energy *************************

-------------------- Estimation of Layer 4 ----------------------
layer4's readLatency is: 64.3695ns
layer4's readDynamicEnergy is: 188.435pJ
layer4's leakagePower is: 2.55441uW
layer4's leakageEnergy is: 39.6276pJ
layer4's buffer latency is: 36.2469ns
layer4's buffer readDynamicEnergy is: 1.80234pJ
layer4's ic latency is: 9.87415ns
layer4's ic readDynamicEnergy is: 11.9325pJ

************************ Breakdown of Latency and Dynamic Energy *************************

----------- ADC (or S/As and precharger for SRAM) readLatency is : 15.9986ns
----------- Accumulation Circuits (subarray level: adders, shiftAdds; PE/Tile/Global level: accumulation units) readLatency is : 0.249978ns
----------- Other Peripheries (e.g. decoders, mux, switchmatrix, buffers, IC, pooling and activation units) readLatency is : 48.1209ns
----------- ADC (or S/As and precharger for SRAM) readDynamicEnergy is : 126.979pJ
----------- Accumulation Circuits (subarray level: adders, shiftAdds; PE/Tile/Global level: accumulation units) readDynamicEnergy is : 34.8741pJ
----------- Other Peripheries (e.g. decoders, mux, switchmatrix, buffers, IC, pooling and activation units) readDynamicEnergy is : 26.5819pJ

************************ Breakdown of Latency and Dynamic Energy *************************

------------------------------ Summary --------------------------------

ChipArea : 1.18632e+06um^2
Chip total CIM array : 73271.9um^2
Total IC Area on chip (Global and Tile/PE local): 541381um^2
Total ADC (or S/As and precharger for SRAM) Area on chip : 165997um^2
Total Accumulation Circuits (subarray level: adders, shiftAdds; PE/Tile/Global level: accumulation units) on chip : 208503um^2
Other Peripheries (e.g. decoders, mux, switchmatrix, buffers, pooling and activation units) : 153653um^2

Chip clock period is: 1.99983ns
Chip pipeline-system-clock-cycle (per image) is: 15513.4ns
Chip pipeline-system readDynamicEnergy (per image) is: 156376pJ
Chip pipeline-system leakage Energy (per image) is: 235.529pJ
Chip pipeline-system leakage Power (per image) is: 15.1823uW
Chip pipeline-system buffer readLatency (per image) is: 8113.8ns
Chip pipeline-system buffer readDynamicEnergy (per image) is: 1169.32pJ
Chip pipeline-system ic readLatency (per image) is: 1666.11ns
Chip pipeline-system ic readDynamicEnergy (per image) is: 6396.83pJ

************************ Breakdown of Latency and Dynamic Energy *************************

----------- ADC (or S/As and precharger for SRAM) readLatency is : 5407.53ns
----------- Accumulation Circuits (subarray level: adders, shiftAdds; PE/Tile/Global level: accumulation units) readLatency is : 302.474ns
----------- Other Peripheries (e.g. decoders, mux, switchmatrix, buffers, IC, pooling and activation units) readLatency is : 10105.9ns
----------- ADC (or S/As and precharger for SRAM) readDynamicEnergy is : 110234pJ
----------- Accumulation Circuits (subarray level: adders, shiftAdds; PE/Tile/Global level: accumulation units) readDynamicEnergy is : 30790pJ
----------- Other Peripheries (e.g. decoders, mux, switchmatrix, buffers, IC, pooling and activation units) readDynamicEnergy is : 15352.1pJ

************************ Breakdown of Latency and Dynamic Energy *************************


----------------------------- Performance -------------------------------
Energy Efficiency TOPS/W (Pipelined Process): 2.90346
Throughput TOPS (Pipelined Process): 0.0357595
Throughput FPS (Pipelined Process): 64460.3
Compute efficiency TOPS/mm^2 (Pipelined Process): 0.0301431
-------------------------------------- Hardware Performance Done --------------------------------------

------------------------------ Simulation Performance --------------------------------
Total Run-time of NeuroSim: 0 seconds
------------------------------ Simulation Performance --------------------------------
quantize layer  Conv0_
quantize layer  Conv1_
quantize layer  FC0_
quantize layer  FC1_
 --- Hardware Properties --- 
subArray size: 
32
parallel read: 
32
ADC precision: 
5
cell precision: 
1
on/off ratio: 
10.0
variation: 
0.0
